Build started 1/6/2014 1:17:43 PM.
     1>Project "C:\Users\Eric Walton\Dropbox\Programming\C++\PokerOdds-v3\Evaluate\Evaluate.vcxproj" on node 2 (build target(s)).
     1>InitializeBuildStatus:
         Creating "Release\Evaluate.unsuccessfulbuild" because "AlwaysCreate" was specified.
       ClCompile:
         C:\Program Files (x86)\Microsoft Visual Studio 10.0\VC\bin\CL.exe /c /Zi /nologo /W3 /WX- /O2 /Oi /Oy- /GL /D WIN32 /D NDEBUG /D _CONSOLE /D _UNICODE /D UNICODE /Gm- /EHsc /MD /GS /Gy /fp:precise /Zc:wchar_t /Zc:forScope /Fo"Release\\" /Fd"Release\vc100.pdb" /Gd /TP /analyze- /errorReport:prompt main.cpp
         main.cpp
     1>c:\users\eric walton\dropbox\programming\c++\pokerodds-v3\evaluate\../headers/hands_cards.h(162): warning C4018: '<' : signed/unsigned mismatch
     1>c:\users\eric walton\dropbox\programming\c++\pokerodds-v3\evaluate\../headers/odds_byCount.h(211): warning C4244: 'initializing' : conversion from 'unsigned __int64' to 'unsigned short', possible loss of data
     1>main.cpp(78): warning C4244: 'argument' : conversion from 'time_t' to 'unsigned int', possible loss of data
       Link:
         C:\Program Files (x86)\Microsoft Visual Studio 10.0\VC\bin\link.exe /ERRORREPORT:PROMPT /OUT:"C:\Users\Eric Walton\Dropbox\Programming\C++\PokerOdds-v3\Release\Evaluate.exe" /INCREMENTAL:NO /NOLOGO kernel32.lib user32.lib gdi32.lib winspool.lib comdlg32.lib advapi32.lib shell32.lib ole32.lib oleaut32.lib uuid.lib odbc32.lib odbccp32.lib /MANIFEST /ManifestFile:"Release\Evaluate.exe.intermediate.manifest" /MANIFESTUAC:"level='asInvoker' uiAccess='false'" /DEBUG /PDB:"C:\Users\Eric Walton\Dropbox\Programming\C++\PokerOdds-v3\Release\Evaluate.pdb" /SUBSYSTEM:CONSOLE /OPT:REF /OPT:ICF /LTCG /TLBID:1 /DYNAMICBASE /NXCOMPAT /IMPLIB:"C:\Users\Eric Walton\Dropbox\Programming\C++\PokerOdds-v3\Release\Evaluate.lib" /MACHINE:X86 Release\main.obj
         Generating code
         Finished generating code
         Evaluate.vcxproj -> C:\Users\Eric Walton\Dropbox\Programming\C++\PokerOdds-v3\Release\Evaluate.exe
       Manifest:
         C:\Program Files (x86)\Microsoft SDKs\Windows\v7.0A\bin\mt.exe /nologo /verbose /outputresource:"C:\Users\Eric Walton\Dropbox\Programming\C++\PokerOdds-v3\Release\Evaluate.exe;#1" /manifest Release\Evaluate.exe.intermediate.manifest
       FinalizeBuildStatus:
         Deleting file "Release\Evaluate.unsuccessfulbuild".
         Touching "Release\Evaluate.lastbuildstate".
     1>Done Building Project "C:\Users\Eric Walton\Dropbox\Programming\C++\PokerOdds-v3\Evaluate\Evaluate.vcxproj" (build target(s)).

Build succeeded.

Time Elapsed 00:00:05.04
