Build started 1/26/2014 8:42:10 PM.
     1>Project "C:\Users\Eric Walton\Dropbox\Programming\C++\Fast-Poker-Odds\Evaluate\Evaluate.vcxproj" on node 2 (build target(s)).
     1>InitializeBuildStatus:
         Creating "Debug\Evaluate.unsuccessfulbuild" because "AlwaysCreate" was specified.
       ClCompile:
         C:\Program Files (x86)\Microsoft Visual Studio 10.0\VC\bin\CL.exe /c /ZI /nologo /W3 /WX- /Od /Oy- /D WIN32 /D _DEBUG /D _CONSOLE /D _UNICODE /D UNICODE /Gm /EHsc /RTC1 /MDd /GS /fp:precise /Zc:wchar_t /Zc:forScope /Fo"Debug\\" /Fd"Debug\vc100.pdb" /Gd /TP /analyze- /errorReport:prompt main.cpp
         main.cpp
     1>c:\users\eric walton\dropbox\programming\c++\fast-poker-odds\headers\hands_cards.h(162): warning C4018: '<' : signed/unsigned mismatch
     1>c:\users\eric walton\dropbox\programming\c++\fast-poker-odds\headers\odds_bycount.h(261): warning C4244: 'initializing' : conversion from 'unsigned __int64' to 'unsigned short', possible loss of data
     1>c:\users\eric walton\dropbox\programming\c++\fast-poker-odds\evaluate\main.cpp(61): warning C4244: 'argument' : conversion from 'time_t' to 'unsigned int', possible loss of data
       ManifestResourceCompile:
         All outputs are up-to-date.
       Link:
         C:\Program Files (x86)\Microsoft Visual Studio 10.0\VC\bin\link.exe /ERRORREPORT:PROMPT /OUT:"C:\Users\Eric Walton\Dropbox\Programming\C++\Fast-Poker-Odds\Debug\Evaluate.exe" /INCREMENTAL /NOLOGO kernel32.lib user32.lib gdi32.lib winspool.lib comdlg32.lib advapi32.lib shell32.lib ole32.lib oleaut32.lib uuid.lib odbc32.lib odbccp32.lib /MANIFEST /ManifestFile:"Debug\Evaluate.exe.intermediate.manifest" /MANIFESTUAC:"level='asInvoker' uiAccess='false'" /DEBUG /PDB:"C:\Users\Eric Walton\Dropbox\Programming\C++\Fast-Poker-Odds\Debug\Evaluate.pdb" /SUBSYSTEM:CONSOLE /TLBID:1 /DYNAMICBASE /NXCOMPAT /IMPLIB:"C:\Users\Eric Walton\Dropbox\Programming\C++\Fast-Poker-Odds\Debug\Evaluate.lib" /MACHINE:X86 Debug\Evaluate.exe.embed.manifest.res
         Debug\main.obj
       Manifest:
         C:\Program Files (x86)\Microsoft SDKs\Windows\v7.0A\bin\mt.exe /nologo /verbose /out:"Debug\Evaluate.exe.embed.manifest" /manifest Debug\Evaluate.exe.intermediate.manifest
         All outputs are up-to-date.
       LinkEmbedManifest:
         All outputs are up-to-date.
         Evaluate.vcxproj -> C:\Users\Eric Walton\Dropbox\Programming\C++\Fast-Poker-Odds\Debug\Evaluate.exe
       FinalizeBuildStatus:
         Deleting file "Debug\Evaluate.unsuccessfulbuild".
         Touching "Debug\Evaluate.lastbuildstate".
     1>Done Building Project "C:\Users\Eric Walton\Dropbox\Programming\C++\Fast-Poker-Odds\Evaluate\Evaluate.vcxproj" (build target(s)).

Build succeeded.

Time Elapsed 00:00:05.18
