Build started 1/26/2014 7:14:22 PM.
     1>Project "C:\Users\Eric Walton\Documents\GitHub\Fast-Poker-Odds\Enumerate\Enumerate.vcxproj" on node 2 (build target(s)).
     1>InitializeBuildStatus:
         Creating "Debug\Enumerate.unsuccessfulbuild" because "AlwaysCreate" was specified.
       ClCompile:
         C:\Program Files (x86)\Microsoft Visual Studio 10.0\VC\bin\CL.exe /c /ZI /nologo /W3 /WX- /Od /Oy- /D WIN32 /D _DEBUG /D _CONSOLE /D _UNICODE /D UNICODE /Gm /EHsc /RTC1 /MDd /GS /fp:precise /Zc:wchar_t /Zc:forScope /Fo"Debug\\" /Fd"Debug\vc100.pdb" /Gd /TP /analyze- /errorReport:prompt main.cpp
         main.cpp
     1>c:\users\eric walton\documents\github\fast-poker-odds\headers\hands_cards.h(162): warning C4018: '<' : signed/unsigned mismatch
     1>c:\users\eric walton\documents\github\fast-poker-odds\headers\odds_bycount.h(261): warning C4244: 'initializing' : conversion from 'unsigned __int64' to 'unsigned short', possible loss of data
     1>c:\users\eric walton\documents\github\fast-poker-odds\enumerate\main.cpp(21): warning C4996: 'getch': The POSIX name for this item is deprecated. Instead, use the ISO C++ conformant name: _getch. See online help for details.
                 c:\program files (x86)\microsoft visual studio 10.0\vc\include\conio.h(128) : see declaration of 'getch'
     1>c:\users\eric walton\documents\github\fast-poker-odds\enumerate\main.cpp(26): warning C4244: 'argument' : conversion from 'time_t' to 'unsigned int', possible loss of data
       ManifestResourceCompile:
         All outputs are up-to-date.
       Link:
         C:\Program Files (x86)\Microsoft Visual Studio 10.0\VC\bin\link.exe /ERRORREPORT:PROMPT /OUT:"C:\Users\Eric Walton\Documents\GitHub\Fast-Poker-Odds\Debug\Enumerate.exe" /INCREMENTAL /NOLOGO kernel32.lib user32.lib gdi32.lib winspool.lib comdlg32.lib advapi32.lib shell32.lib ole32.lib oleaut32.lib uuid.lib odbc32.lib odbccp32.lib /MANIFEST /ManifestFile:"Debug\Enumerate.exe.intermediate.manifest" /MANIFESTUAC:"level='asInvoker' uiAccess='false'" /DEBUG /PDB:"C:\Users\Eric Walton\Documents\GitHub\Fast-Poker-Odds\Debug\Enumerate.pdb" /SUBSYSTEM:CONSOLE /TLBID:1 /DYNAMICBASE /NXCOMPAT /IMPLIB:"C:\Users\Eric Walton\Documents\GitHub\Fast-Poker-Odds\Debug\Enumerate.lib" /MACHINE:X86 Debug\Enumerate.exe.embed.manifest.res
         Debug\main.obj
       Manifest:
         C:\Program Files (x86)\Microsoft SDKs\Windows\v7.0A\bin\mt.exe /nologo /verbose /out:"Debug\Enumerate.exe.embed.manifest" /manifest Debug\Enumerate.exe.intermediate.manifest
         All outputs are up-to-date.
       LinkEmbedManifest:
         All outputs are up-to-date.
         Enumerate.vcxproj -> C:\Users\Eric Walton\Documents\GitHub\Fast-Poker-Odds\Debug\Enumerate.exe
       FinalizeBuildStatus:
         Deleting file "Debug\Enumerate.unsuccessfulbuild".
         Touching "Debug\Enumerate.lastbuildstate".
     1>Done Building Project "C:\Users\Eric Walton\Documents\GitHub\Fast-Poker-Odds\Enumerate\Enumerate.vcxproj" (build target(s)).

Build succeeded.

Time Elapsed 00:00:04.01
